2024-01-28 08:33:08,735 - autoLoginHeadless - https://www.superdelivery.com/p/do/clickMemberLogin
2024-01-28 08:33:09,013 - autoLoginHeadless - スクリーンショットを保存しました: login_before_take.jpg
2024-01-28 08:33:09,020 - autoLoginHeadless - 入力開始
2024-01-28 08:33:09,131 - autoLoginHeadless - ID入力完了
2024-01-28 08:33:09,156 - autoLoginHeadless - パスワード入力完了
2024-01-28 08:33:09,158 - autoLoginHeadless - ページは完全に表示されてる
2024-01-28 08:33:09,164 - autoLoginHeadless - reCAPTCHA、なし
2024-01-28 08:33:10,043 - autoLoginHeadless - クリック完了
2024-01-28 08:33:10,045 - autoLoginHeadless - ログインページ読み込み完了
2024-01-28 08:33:10,397 - autoLoginHeadless - スクリーンショットを保存しました: login_after_take.jpg
2024-01-28 08:33:10,404 - autoLoginHeadless - ログイン完了
2024-01-28 09:59:53,763 - autoLoginHeadless - https://oroshi-uri.com/login.php
2024-01-28 09:59:54,209 - autoLoginHeadless - スクリーンショットを保存しました: login_before_take.jpeg
2024-01-28 09:59:54,226 - autoLoginHeadless - 入力開始
2024-01-28 09:59:54,408 - autoLoginHeadless - ID入力完了
2024-01-28 09:59:54,466 - autoLoginHeadless - パスワード入力完了
2024-01-28 09:59:54,471 - autoLoginHeadless - ページは完全に表示されてる
2024-01-28 09:59:54,484 - autoLoginHeadless - reCAPTCHA、なし
2024-01-28 09:59:56,456 - autoLoginHeadless - クリック完了
2024-01-28 09:59:56,523 - autoLoginHeadless - ログインページ読み込み完了
2024-01-28 09:59:57,318 - autoLoginHeadless - スクリーンショットを保存しました: login_after_take.jpeg
2024-01-28 09:59:57,341 - autoLoginHeadless - ログイン完了
2024-01-28 10:05:14,600 - autoLoginHeadless - https://oroshi-uri.com/login.php
2024-01-28 10:05:15,018 - autoLoginHeadless - スクリーンショットを保存しました: login_before_take.jpeg
2024-01-28 10:05:15,031 - autoLoginHeadless - 入力開始
2024-01-28 10:05:15,188 - autoLoginHeadless - ID入力完了
2024-01-28 10:05:15,248 - autoLoginHeadless - パスワード入力完了
2024-01-28 10:05:15,254 - autoLoginHeadless - ページは完全に表示されてる
2024-01-28 10:05:15,269 - autoLoginHeadless - reCAPTCHA、なし
2024-01-28 10:05:17,222 - autoLoginHeadless - クリック完了
2024-01-28 10:05:17,348 - autoLoginHeadless - ログインページ読み込み完了
2024-01-28 10:05:18,139 - autoLoginHeadless - スクリーンショットを保存しました: login_after_take.jpeg
2024-01-28 10:05:18,155 - autoLoginHeadless - ログイン完了
2024-01-28 10:07:41,407 - autoLoginHeadless - https://oroshi-uri.com/login.php
2024-01-28 10:07:41,873 - autoLoginHeadless - スクリーンショットを保存しました: login_before_take.jpeg
2024-01-28 10:07:41,887 - autoLoginHeadless - 入力開始
2024-01-28 10:07:42,048 - autoLoginHeadless - ID入力完了
2024-01-28 10:07:42,110 - autoLoginHeadless - パスワード入力完了
2024-01-28 10:07:42,115 - autoLoginHeadless - ページは完全に表示されてる
2024-01-28 10:07:42,131 - autoLoginHeadless - reCAPTCHA、なし
2024-01-28 10:07:45,008 - autoLoginHeadless - クリック完了
2024-01-28 10:07:45,123 - autoLoginHeadless - ログインページ読み込み完了
2024-01-28 10:07:45,913 - autoLoginHeadless - スクリーンショットを保存しました: login_after_take.jpeg
2024-01-28 10:07:45,944 - autoLoginHeadless - ログイン完了
2024-01-28 10:10:59,753 - autoLoginHeadless - https://oroshi-uri.com/login.php
2024-01-28 10:11:00,198 - autoLoginHeadless - スクリーンショットを保存しました: login_before_take.jpeg
2024-01-28 10:11:00,211 - autoLoginHeadless - 入力開始
2024-01-28 10:11:00,366 - autoLoginHeadless - ID入力完了
2024-01-28 10:11:00,425 - autoLoginHeadless - パスワード入力完了
2024-01-28 10:11:00,430 - autoLoginHeadless - ページは完全に表示されてる
2024-01-28 10:11:00,441 - autoLoginHeadless - reCAPTCHA、なし
2024-01-28 10:11:02,419 - autoLoginHeadless - クリック完了
2024-01-28 10:11:02,472 - autoLoginHeadless - ログインページ読み込み完了
2024-01-28 10:11:03,247 - autoLoginHeadless - スクリーンショットを保存しました: login_after_take.jpeg
2024-01-28 10:11:03,264 - autoLoginHeadless - ログイン完了
2024-01-28 10:14:50,546 - autoLoginHeadless - https://oroshi-uri.com/login.php
2024-01-28 10:14:50,990 - autoLoginHeadless - スクリーンショットを保存しました: login_before_take.jpeg
2024-01-28 10:14:51,004 - autoLoginHeadless - 入力開始
2024-01-28 10:14:51,179 - autoLoginHeadless - ID入力完了
2024-01-28 10:14:51,246 - autoLoginHeadless - パスワード入力完了
2024-01-28 10:14:51,254 - autoLoginHeadless - ページは完全に表示されてる
2024-01-28 10:14:51,270 - autoLoginHeadless - reCAPTCHA、なし
2024-01-28 10:14:53,192 - autoLoginHeadless - クリック完了
2024-01-28 10:14:53,306 - autoLoginHeadless - ログインページ読み込み完了
2024-01-28 10:14:54,187 - autoLoginHeadless - スクリーンショットを保存しました: login_after_take.jpeg
2024-01-28 10:14:54,202 - autoLoginHeadless - ログイン完了
2024-01-28 10:15:38,980 - autoLoginHeadless - https://oroshi-uri.com/login.php
2024-01-28 10:15:39,408 - autoLoginHeadless - スクリーンショットを保存しました: login_before_take.jpeg
2024-01-28 10:15:39,421 - autoLoginHeadless - 入力開始
2024-01-28 10:15:39,590 - autoLoginHeadless - ID入力完了
2024-01-28 10:15:39,655 - autoLoginHeadless - パスワード入力完了
2024-01-28 10:15:39,660 - autoLoginHeadless - ページは完全に表示されてる
2024-01-28 10:15:39,675 - autoLoginHeadless - reCAPTCHA、なし
2024-01-28 10:15:41,773 - autoLoginHeadless - クリック完了
2024-01-28 10:15:41,933 - autoLoginHeadless - ログインページ読み込み完了
2024-01-28 10:15:42,694 - autoLoginHeadless - スクリーンショットを保存しました: login_after_take.jpeg
2024-01-28 10:15:42,723 - autoLoginHeadless - ログイン完了
2024-01-29 03:14:22,627 - autoLoginHeadless - https://oroshi-uri.com/login.php
2024-01-29 03:14:22,991 - autoLoginHeadless - スクリーンショットを保存しました: login_before_take.jpeg
2024-01-29 03:14:23,005 - autoLoginHeadless - 入力開始
2024-01-29 03:14:23,154 - autoLoginHeadless - ID入力完了
2024-01-29 03:14:23,202 - autoLoginHeadless - パスワード入力完了
2024-01-29 03:14:23,208 - autoLoginHeadless - ページは完全に表示されてる
2024-01-29 03:14:23,221 - autoLoginHeadless - reCAPTCHA、なし
2024-01-29 03:14:39,713 - autoLoginHeadless - クリック完了
2024-01-29 03:14:39,733 - autoLoginHeadless - ログインページ読み込み完了
2024-01-29 03:14:40,271 - autoLoginHeadless - スクリーンショットを保存しました: login_after_take.jpeg
2024-01-29 03:14:40,285 - autoLoginHeadless - ログイン完了
2024-01-29 03:18:36,720 - autoLoginHeadless - https://oroshi-uri.com/login.php
2024-01-29 03:18:37,105 - autoLoginHeadless - スクリーンショットを保存しました: login_before_take.jpeg
2024-01-29 03:18:37,118 - autoLoginHeadless - 入力開始
2024-01-29 03:18:37,277 - autoLoginHeadless - ID入力完了
2024-01-29 03:18:37,331 - autoLoginHeadless - パスワード入力完了
2024-01-29 03:18:37,335 - autoLoginHeadless - ページは完全に表示されてる
2024-01-29 03:18:37,349 - autoLoginHeadless - reCAPTCHA、なし
2024-01-29 03:18:52,797 - autoLoginHeadless - クリック完了
2024-01-29 03:18:52,810 - autoLoginHeadless - ログインページ読み込み完了
2024-01-29 03:18:53,373 - autoLoginHeadless - スクリーンショットを保存しました: login_after_take.jpeg
2024-01-29 03:18:53,390 - autoLoginHeadless - ログイン完了
2024-01-29 03:20:37,173 - autoLoginHeadless - https://oroshi-uri.com/login.php
2024-01-29 03:20:37,528 - autoLoginHeadless - スクリーンショットを保存しました: login_before_take.jpeg
2024-01-29 03:20:37,538 - autoLoginHeadless - 入力開始
2024-01-29 03:20:37,691 - autoLoginHeadless - ID入力完了
2024-01-29 03:20:37,744 - autoLoginHeadless - パスワード入力完了
2024-01-29 03:20:37,750 - autoLoginHeadless - ページは完全に表示されてる
2024-01-29 03:20:37,764 - autoLoginHeadless - reCAPTCHA、なし
2024-01-29 03:20:51,405 - autoLoginHeadless - クリック完了
2024-01-29 03:20:51,411 - autoLoginHeadless - ログインページ読み込み完了
2024-01-29 03:20:52,060 - autoLoginHeadless - スクリーンショットを保存しました: login_after_take.jpeg
2024-01-29 03:20:52,075 - autoLoginHeadless - ログイン完了
2024-01-29 03:25:13,686 - autoLoginHeadless - https://oroshi-uri.com/login.php
2024-01-29 03:25:14,171 - autoLoginHeadless - スクリーンショットを保存しました: login_before_take.jpeg
2024-01-29 03:25:14,189 - autoLoginHeadless - 入力開始
2024-01-29 03:25:14,402 - autoLoginHeadless - ID入力完了
2024-01-29 03:25:14,483 - autoLoginHeadless - パスワード入力完了
2024-01-29 03:25:14,492 - autoLoginHeadless - ページは完全に表示されてる
2024-01-29 03:25:14,507 - autoLoginHeadless - reCAPTCHA、なし
2024-01-29 03:25:29,068 - autoLoginHeadless - クリック完了
2024-01-29 03:25:29,073 - autoLoginHeadless - ログインページ読み込み完了
2024-01-29 03:25:29,704 - autoLoginHeadless - スクリーンショットを保存しました: login_after_take.jpeg
2024-01-29 03:25:29,719 - autoLoginHeadless - ログイン完了
2024-01-29 04:02:52,567 - autoLoginHeadless - https://oroshi-uri.com/login.php
2024-01-29 04:02:53,108 - autoLoginHeadless - スクリーンショットを保存しました: login_before_take.jpeg
2024-01-29 04:02:53,138 - autoLoginHeadless - 入力開始
2024-01-29 04:02:53,425 - autoLoginHeadless - ID入力完了
2024-01-29 04:02:53,514 - autoLoginHeadless - パスワード入力完了
2024-01-29 04:02:53,516 - autoLoginHeadless - ページは完全に表示されてる
2024-01-29 04:02:53,534 - autoLoginHeadless - reCAPTCHA、なし
2024-01-29 04:03:07,678 - autoLoginHeadless - クリック完了
2024-01-29 04:03:07,692 - autoLoginHeadless - ログインページ読み込み完了
2024-01-29 04:03:08,532 - autoLoginHeadless - スクリーンショットを保存しました: login_after_take.jpeg
2024-01-29 04:03:08,557 - autoLoginHeadless - ログイン完了
2024-01-29 04:07:10,188 - autoLoginHeadless - https://oroshi-uri.com/login.php
2024-01-29 04:07:10,796 - autoLoginHeadless - スクリーンショットを保存しました: login_before_take.jpeg
2024-01-29 04:07:10,815 - autoLoginHeadless - 入力開始
2024-01-29 04:07:11,036 - autoLoginHeadless - ID入力完了
2024-01-29 04:07:11,104 - autoLoginHeadless - パスワード入力完了
2024-01-29 04:07:11,110 - autoLoginHeadless - ページは完全に表示されてる
2024-01-29 04:07:11,128 - autoLoginHeadless - reCAPTCHA、なし
2024-01-29 04:07:28,708 - autoLoginHeadless - クリック完了
2024-01-29 04:07:28,714 - autoLoginHeadless - ログインページ読み込み完了
2024-01-29 04:07:29,493 - autoLoginHeadless - スクリーンショットを保存しました: login_after_take.jpeg
2024-01-29 04:07:29,518 - autoLoginHeadless - ログイン完了
2024-01-29 04:09:59,782 - autoLoginHeadless - https://oroshi-uri.com/login.php
2024-01-29 04:10:00,612 - autoLoginHeadless - スクリーンショットを保存しました: login_before_take.jpeg
2024-01-29 04:10:00,691 - autoLoginHeadless - 入力開始
2024-01-29 04:10:00,960 - autoLoginHeadless - ID入力完了
2024-01-29 04:10:01,057 - autoLoginHeadless - パスワード入力完了
2024-01-29 04:10:01,065 - autoLoginHeadless - ページは完全に表示されてる
2024-01-29 04:10:01,084 - autoLoginHeadless - reCAPTCHA、なし
2024-01-29 04:10:15,712 - autoLoginHeadless - クリック完了
2024-01-29 04:10:15,721 - autoLoginHeadless - ログインページ読み込み完了
2024-01-29 04:10:16,585 - autoLoginHeadless - スクリーンショットを保存しました: login_after_take.jpeg
2024-01-29 04:10:16,605 - autoLoginHeadless - ログイン完了
2024-01-29 04:16:04,197 - autoLoginHeadless - https://oroshi-uri.com/login.php
2024-01-29 04:16:04,754 - autoLoginHeadless - スクリーンショットを保存しました: login_before_take.jpeg
2024-01-29 04:16:04,769 - autoLoginHeadless - 入力開始
2024-01-29 04:16:05,031 - autoLoginHeadless - ID入力完了
2024-01-29 04:16:05,098 - autoLoginHeadless - パスワード入力完了
2024-01-29 04:16:05,104 - autoLoginHeadless - ページは完全に表示されてる
2024-01-29 04:16:05,120 - autoLoginHeadless - reCAPTCHA、なし
2024-01-29 04:16:21,531 - autoLoginHeadless - クリック完了
2024-01-29 04:16:21,537 - autoLoginHeadless - ログインページ読み込み完了
2024-01-29 04:16:22,220 - autoLoginHeadless - スクリーンショットを保存しました: login_after_take.jpeg
2024-01-29 04:16:22,234 - autoLoginHeadless - ログイン完了
2024-01-29 04:17:19,931 - autoLoginHeadless - https://oroshi-uri.com/login.php
2024-01-29 04:17:20,380 - autoLoginHeadless - スクリーンショットを保存しました: login_before_take.jpeg
2024-01-29 04:17:20,396 - autoLoginHeadless - 入力開始
2024-01-29 04:17:20,578 - autoLoginHeadless - ID入力完了
2024-01-29 04:17:20,638 - autoLoginHeadless - パスワード入力完了
2024-01-29 04:17:20,644 - autoLoginHeadless - ページは完全に表示されてる
2024-01-29 04:17:20,658 - autoLoginHeadless - reCAPTCHA、なし
2024-01-29 04:17:36,341 - autoLoginHeadless - クリック完了
2024-01-29 04:17:36,349 - autoLoginHeadless - ログインページ読み込み完了
2024-01-29 04:17:37,066 - autoLoginHeadless - スクリーンショットを保存しました: login_after_take.jpeg
2024-01-29 04:17:37,083 - autoLoginHeadless - ログイン完了
2024-01-29 04:24:24,385 - autoLoginHeadless - https://oroshi-uri.com/login.php
2024-01-29 04:24:24,882 - autoLoginHeadless - スクリーンショットを保存しました: login_before_take.jpeg
2024-01-29 04:24:24,897 - autoLoginHeadless - 入力開始
2024-01-29 04:24:25,077 - autoLoginHeadless - ID入力完了
2024-01-29 04:24:25,136 - autoLoginHeadless - パスワード入力完了
2024-01-29 04:24:25,141 - autoLoginHeadless - ページは完全に表示されてる
2024-01-29 04:24:25,153 - autoLoginHeadless - reCAPTCHA、なし
2024-01-29 04:24:40,855 - autoLoginHeadless - クリック完了
2024-01-29 04:24:40,867 - autoLoginHeadless - ログインページ読み込み完了
2024-01-29 04:24:41,659 - autoLoginHeadless - スクリーンショットを保存しました: login_after_take.jpeg
2024-01-29 04:24:41,691 - autoLoginHeadless - ログイン完了
2024-01-29 04:32:08,166 - autoLoginHeadless - https://oroshi-uri.com/login.php
2024-01-29 04:32:08,644 - autoLoginHeadless - スクリーンショットを保存しました: login_before_take.jpeg
2024-01-29 04:32:08,664 - autoLoginHeadless - 入力開始
2024-01-29 04:32:08,866 - autoLoginHeadless - ID入力完了
2024-01-29 04:32:08,936 - autoLoginHeadless - パスワード入力完了
2024-01-29 04:32:08,942 - autoLoginHeadless - ページは完全に表示されてる
2024-01-29 04:32:08,958 - autoLoginHeadless - reCAPTCHA、なし
2024-01-29 04:32:28,012 - autoLoginHeadless - クリック完了
2024-01-29 04:32:28,022 - autoLoginHeadless - ログインページ読み込み完了
2024-01-29 04:32:28,824 - autoLoginHeadless - スクリーンショットを保存しました: login_after_take.jpeg
2024-01-29 04:32:28,850 - autoLoginHeadless - ログイン完了
2024-01-29 04:46:42,012 - autoLoginHeadless - https://oroshi-uri.com/login.php
2024-01-29 04:46:42,590 - autoLoginHeadless - スクリーンショットを保存しました: login_before_take.jpeg
2024-01-29 04:46:42,618 - autoLoginHeadless - 入力開始
2024-01-29 04:46:42,879 - autoLoginHeadless - ID入力完了
2024-01-29 04:46:42,978 - autoLoginHeadless - パスワード入力完了
2024-01-29 04:46:42,987 - autoLoginHeadless - ページは完全に表示されてる
2024-01-29 04:46:43,004 - autoLoginHeadless - reCAPTCHA、なし
2024-01-29 04:47:03,264 - autoLoginHeadless - クリック完了
2024-01-29 04:47:03,270 - autoLoginHeadless - ログインページ読み込み完了
2024-01-29 04:47:04,130 - autoLoginHeadless - スクリーンショットを保存しました: login_after_take.jpeg
2024-01-29 04:47:04,148 - autoLoginHeadless - ログイン完了
2024-01-29 04:53:03,472 - autoLoginHeadless - https://oroshi-uri.com/login.php
2024-01-29 04:53:04,111 - autoLoginHeadless - スクリーンショットを保存しました: login_before_take.jpeg
2024-01-29 04:53:04,130 - autoLoginHeadless - 入力開始
2024-01-29 04:53:04,363 - autoLoginHeadless - ID入力完了
2024-01-29 04:53:04,430 - autoLoginHeadless - パスワード入力完了
2024-01-29 04:53:04,438 - autoLoginHeadless - ページは完全に表示されてる
2024-01-29 04:53:04,456 - autoLoginHeadless - reCAPTCHA、なし
2024-01-29 04:53:18,170 - autoLoginHeadless - クリック完了
2024-01-29 04:53:18,179 - autoLoginHeadless - ログインページ読み込み完了
2024-01-29 04:53:19,062 - autoLoginHeadless - スクリーンショットを保存しました: login_after_take.jpeg
2024-01-29 04:53:19,086 - autoLoginHeadless - ログイン完了
2024-01-29 04:55:42,023 - autoLoginHeadless - https://oroshi-uri.com/login.php
2024-01-29 04:55:42,541 - autoLoginHeadless - スクリーンショットを保存しました: login_before_take.jpeg
2024-01-29 04:55:42,557 - autoLoginHeadless - 入力開始
2024-01-29 04:55:42,778 - autoLoginHeadless - ID入力完了
2024-01-29 04:55:42,847 - autoLoginHeadless - パスワード入力完了
2024-01-29 04:55:42,853 - autoLoginHeadless - ページは完全に表示されてる
2024-01-29 04:55:42,870 - autoLoginHeadless - reCAPTCHA、なし
2024-01-29 04:55:57,399 - autoLoginHeadless - クリック完了
2024-01-29 04:55:57,403 - autoLoginHeadless - ログインページ読み込み完了
2024-01-29 04:55:58,177 - autoLoginHeadless - スクリーンショットを保存しました: login_after_take.jpeg
2024-01-29 04:55:58,201 - autoLoginHeadless - ログイン完了
2024-01-29 05:02:18,198 - autoLoginHeadless - https://oroshi-uri.com/login.php
2024-01-29 05:02:18,657 - autoLoginHeadless - スクリーンショットを保存しました: login_before_take.jpeg
2024-01-29 05:02:18,674 - autoLoginHeadless - 入力開始
2024-01-29 05:02:18,860 - autoLoginHeadless - ID入力完了
2024-01-29 05:02:19,044 - autoLoginHeadless - パスワード入力完了
2024-01-29 05:02:19,051 - autoLoginHeadless - ページは完全に表示されてる
2024-01-29 05:02:19,066 - autoLoginHeadless - reCAPTCHA、なし
2024-01-29 05:02:34,843 - autoLoginHeadless - クリック完了
2024-01-29 05:02:34,851 - autoLoginHeadless - ログインページ読み込み完了
2024-01-29 05:02:35,642 - autoLoginHeadless - スクリーンショットを保存しました: login_after_take.jpeg
2024-01-29 05:02:35,662 - autoLoginHeadless - ログイン完了
2024-01-29 05:18:31,358 - autoLoginHeadless - https://oroshi-uri.com/login.php
2024-01-29 05:18:31,631 - autoLoginHeadless - スクリーンショットを保存しました: login_before_take.jpeg
2024-01-29 05:18:31,637 - autoLoginHeadless - 入力開始
2024-01-29 05:18:31,755 - autoLoginHeadless - ID入力完了
2024-01-29 05:18:31,779 - autoLoginHeadless - パスワード入力完了
2024-01-29 05:18:31,781 - autoLoginHeadless - ページは完全に表示されてる
2024-01-29 05:18:31,786 - autoLoginHeadless - reCAPTCHA、なし
2024-01-29 05:18:51,046 - autoLoginHeadless - クリック完了
2024-01-29 05:18:51,050 - autoLoginHeadless - ログインページ読み込み完了
2024-01-29 05:18:51,514 - autoLoginHeadless - スクリーンショットを保存しました: login_after_take.jpeg
2024-01-29 05:18:51,521 - autoLoginHeadless - ログイン完了
2024-01-29 05:34:01,953 - autoLoginHeadless - https://oroshi-uri.com/login.php
2024-01-29 05:34:02,210 - autoLoginHeadless - スクリーンショットを保存しました: login_before_take.jpeg
2024-01-29 05:34:02,215 - autoLoginHeadless - 入力開始
2024-01-29 05:34:02,317 - autoLoginHeadless - ID入力完了
2024-01-29 05:34:02,342 - autoLoginHeadless - パスワード入力完了
2024-01-29 05:34:02,344 - autoLoginHeadless - ページは完全に表示されてる
2024-01-29 05:34:02,349 - autoLoginHeadless - reCAPTCHA、なし
2024-01-29 05:34:12,061 - autoLoginHeadless - クリック完了
2024-01-29 05:34:12,064 - autoLoginHeadless - ログインページ読み込み完了
2024-01-29 05:34:12,596 - autoLoginHeadless - スクリーンショットを保存しました: login_after_take.jpeg
2024-01-29 05:34:12,603 - autoLoginHeadless - ログイン完了
2024-01-29 05:39:31,787 - autoLoginHeadless - https://oroshi-uri.com/login.php
2024-01-29 05:39:32,031 - autoLoginHeadless - スクリーンショットを保存しました: login_before_take.jpeg
2024-01-29 05:39:32,037 - autoLoginHeadless - 入力開始
2024-01-29 05:39:32,173 - autoLoginHeadless - ID入力完了
2024-01-29 05:39:32,210 - autoLoginHeadless - パスワード入力完了
2024-01-29 05:39:32,213 - autoLoginHeadless - ページは完全に表示されてる
2024-01-29 05:39:32,219 - autoLoginHeadless - reCAPTCHA、なし
2024-01-29 05:39:42,389 - autoLoginHeadless - クリック完了
2024-01-29 05:39:42,392 - autoLoginHeadless - ログインページ読み込み完了
2024-01-29 05:39:42,921 - autoLoginHeadless - スクリーンショットを保存しました: login_after_take.jpeg
2024-01-29 05:39:42,927 - autoLoginHeadless - ログイン完了
2024-01-29 05:55:09,046 - autoLoginHeadless - https://oroshi-uri.com/login.php
2024-01-29 05:55:09,312 - autoLoginHeadless - スクリーンショットを保存しました: login_before_take.jpeg
2024-01-29 05:55:09,318 - autoLoginHeadless - 入力開始
2024-01-29 05:55:09,418 - autoLoginHeadless - ID入力完了
2024-01-29 05:55:09,443 - autoLoginHeadless - パスワード入力完了
2024-01-29 05:55:09,446 - autoLoginHeadless - ページは完全に表示されてる
2024-01-29 05:55:09,450 - autoLoginHeadless - reCAPTCHA、なし
2024-01-29 05:55:25,312 - autoLoginHeadless - クリック完了
2024-01-29 05:55:25,319 - autoLoginHeadless - ログインページ読み込み完了
2024-01-29 05:55:25,732 - autoLoginHeadless - スクリーンショットを保存しました: login_after_take.jpeg
2024-01-29 05:55:25,738 - autoLoginHeadless - ログイン完了
2024-01-29 06:04:05,439 - autoLoginHeadless - https://oroshi-uri.com/login.php
2024-01-29 06:04:05,697 - autoLoginHeadless - スクリーンショットを保存しました: login_before_take.jpeg
2024-01-29 06:04:05,702 - autoLoginHeadless - 入力開始
2024-01-29 06:04:05,805 - autoLoginHeadless - ID入力完了
2024-01-29 06:04:05,829 - autoLoginHeadless - パスワード入力完了
2024-01-29 06:04:05,832 - autoLoginHeadless - ページは完全に表示されてる
2024-01-29 06:04:05,837 - autoLoginHeadless - reCAPTCHA、なし
2024-01-29 06:04:18,759 - autoLoginHeadless - クリック完了
2024-01-29 06:04:18,762 - autoLoginHeadless - ログインページ読み込み完了
2024-01-29 06:04:19,278 - autoLoginHeadless - スクリーンショットを保存しました: login_after_take.jpeg
2024-01-29 06:04:19,285 - autoLoginHeadless - ログイン完了
2024-01-29 06:04:57,144 - autoLoginHeadless - https://oroshi-uri.com/login.php
2024-01-29 06:04:57,395 - autoLoginHeadless - スクリーンショットを保存しました: login_before_take.jpeg
2024-01-29 06:04:57,401 - autoLoginHeadless - 入力開始
2024-01-29 06:04:57,496 - autoLoginHeadless - ID入力完了
2024-01-29 06:04:57,520 - autoLoginHeadless - パスワード入力完了
2024-01-29 06:04:57,523 - autoLoginHeadless - ページは完全に表示されてる
2024-01-29 06:04:57,528 - autoLoginHeadless - reCAPTCHA、なし
2024-01-29 06:05:08,381 - autoLoginHeadless - クリック完了
2024-01-29 06:05:08,383 - autoLoginHeadless - ログインページ読み込み完了
2024-01-29 06:05:08,923 - autoLoginHeadless - スクリーンショットを保存しました: login_after_take.jpeg
2024-01-29 06:05:08,930 - autoLoginHeadless - ログイン完了
2024-01-29 06:19:49,279 - autoLoginHeadless - https://oroshi-uri.com/login.php
2024-01-29 06:19:49,528 - autoLoginHeadless - スクリーンショットを保存しました: login_before_take.jpeg
2024-01-29 06:19:49,534 - autoLoginHeadless - 入力開始
2024-01-29 06:19:49,638 - autoLoginHeadless - ID入力完了
2024-01-29 06:19:49,663 - autoLoginHeadless - パスワード入力完了
2024-01-29 06:19:49,666 - autoLoginHeadless - ページは完全に表示されてる
2024-01-29 06:19:49,671 - autoLoginHeadless - reCAPTCHA、なし
2024-01-29 06:20:01,393 - autoLoginHeadless - クリック完了
2024-01-29 06:20:01,396 - autoLoginHeadless - ログインページ読み込み完了
2024-01-29 06:20:01,917 - autoLoginHeadless - スクリーンショットを保存しました: login_after_take.jpeg
2024-01-29 06:20:01,923 - autoLoginHeadless - ログイン完了
2024-01-29 06:21:44,819 - autoLoginHeadless - reCAPTCHA、なし
2024-01-29 06:21:53,927 - autoLoginHeadless - ログイン完了
2024-01-29 06:28:42,903 - autoLoginHeadless - reCAPTCHA、なし
2024-01-29 06:28:54,045 - autoLoginHeadless - ログイン完了
2024-01-29 06:30:47,773 - autoLoginHeadless - https://oroshi-uri.com/login.php
2024-01-29 06:30:48,015 - autoLoginHeadless - スクリーンショットを保存しました: login_before_take.jpeg
2024-01-29 06:30:48,021 - autoLoginHeadless - 入力開始
2024-01-29 06:30:48,119 - autoLoginHeadless - ID入力完了
2024-01-29 06:30:48,144 - autoLoginHeadless - パスワード入力完了
2024-01-29 06:30:48,146 - autoLoginHeadless - ページは完全に表示されてる
2024-01-29 06:30:48,152 - autoLoginHeadless - reCAPTCHA、なし
2024-01-29 06:31:00,381 - autoLoginHeadless - クリック完了
2024-01-29 06:31:00,383 - autoLoginHeadless - ログインページ読み込み完了
2024-01-29 06:31:00,889 - autoLoginHeadless - スクリーンショットを保存しました: login_after_take.jpeg
2024-01-29 06:31:00,896 - autoLoginHeadless - ログイン完了
2024-01-29 06:32:41,835 - autoLoginHeadless - https://oroshi-uri.com/login.php
2024-01-29 06:32:42,104 - autoLoginHeadless - スクリーンショットを保存しました: login_before_take.jpeg
2024-01-29 06:32:42,110 - autoLoginHeadless - 入力開始
2024-01-29 06:32:42,208 - autoLoginHeadless - ID入力完了
2024-01-29 06:32:42,233 - autoLoginHeadless - パスワード入力完了
2024-01-29 06:32:42,236 - autoLoginHeadless - ページは完全に表示されてる
2024-01-29 06:32:42,241 - autoLoginHeadless - reCAPTCHA、なし
2024-01-29 06:32:51,403 - autoLoginHeadless - クリック完了
2024-01-29 06:32:51,405 - autoLoginHeadless - ログインページ読み込み完了
2024-01-29 06:32:51,916 - autoLoginHeadless - スクリーンショットを保存しました: login_after_take.jpeg
2024-01-29 06:32:51,922 - autoLoginHeadless - ログイン完了
2024-01-29 06:33:49,987 - autoLoginHeadless - https://oroshi-uri.com/login.php
2024-01-29 06:33:50,232 - autoLoginHeadless - スクリーンショットを保存しました: login_before_take.jpeg
2024-01-29 06:33:50,238 - autoLoginHeadless - 入力開始
2024-01-29 06:33:50,339 - autoLoginHeadless - ID入力完了
2024-01-29 06:33:50,364 - autoLoginHeadless - パスワード入力完了
2024-01-29 06:33:50,366 - autoLoginHeadless - ページは完全に表示されてる
2024-01-29 06:33:50,371 - autoLoginHeadless - reCAPTCHA、なし
2024-01-29 06:34:00,231 - autoLoginHeadless - クリック完了
2024-01-29 06:34:00,234 - autoLoginHeadless - ログインページ読み込み完了
2024-01-29 06:34:00,782 - autoLoginHeadless - スクリーンショットを保存しました: login_after_take.jpeg
2024-01-29 06:34:00,788 - autoLoginHeadless - ログイン完了
2024-01-29 06:34:36,414 - autoLoginHeadless - reCAPTCHA、なし
2024-01-29 06:34:46,290 - autoLoginHeadless - ログイン完了
2024-01-29 06:41:35,246 - autoLoginHeadless - reCAPTCHAが検出されました
2024-01-29 06:42:18,564 - autoLoginHeadless - reCAPTCHA処理、完了
2024-01-29 06:42:21,596 - autoLoginHeadless - ログイン完了
2024-01-29 06:43:37,694 - autoLoginHeadless - reCAPTCHAが検出されました
2024-01-29 06:44:09,374 - autoLoginHeadless - reCAPTCHA処理、完了
2024-01-29 06:44:12,150 - autoLoginHeadless - ログイン完了
2024-01-29 06:46:44,286 - autoLoginHeadless - https://www.tajimaya-oroshi.net/login.php
2024-01-29 06:46:44,529 - autoLoginHeadless - スクリーンショットを保存しました: login_before_take.jpeg
2024-01-29 06:46:44,536 - autoLoginHeadless - 入力開始
2024-01-29 06:46:44,637 - autoLoginHeadless - ID入力完了
2024-01-29 06:46:44,666 - autoLoginHeadless - パスワード入力完了
2024-01-29 06:46:44,668 - autoLoginHeadless - ページは完全に表示されてる
2024-01-29 06:46:44,674 - autoLoginHeadless - reCAPTCHAが検出されました
2024-01-29 06:47:38,463 - autoLoginHeadless - reCAPTCHA処理、完了
2024-01-29 06:47:38,463 - autoLoginHeadless - クリック開始
2024-01-29 06:47:40,804 - autoLoginHeadless - ログインページ読み込み完了
2024-01-29 06:47:41,277 - autoLoginHeadless - スクリーンショットを保存しました: login_after_take.jpeg
2024-01-29 06:47:41,284 - autoLoginHeadless - ログイン完了
2024-01-29 07:00:25,877 - autoLoginHeadless - https://www.tajimaya-oroshi.net/login.php
2024-01-29 07:00:26,136 - autoLoginHeadless - スクリーンショットを保存しました: login_before_take.jpeg
2024-01-29 07:00:26,143 - autoLoginHeadless - 入力開始
2024-01-29 07:00:26,245 - autoLoginHeadless - ID入力完了
2024-01-29 07:00:26,274 - autoLoginHeadless - パスワード入力完了
2024-01-29 07:00:26,277 - autoLoginHeadless - ページは完全に表示されてる
2024-01-29 07:00:26,282 - autoLoginHeadless - reCAPTCHAが検出されました
2024-01-29 07:01:20,225 - autoLoginHeadless - reCAPTCHA処理、完了
2024-01-29 07:01:20,226 - autoLoginHeadless - クリック開始
2024-01-29 07:01:23,849 - autoLoginHeadless - ログインページ読み込み完了
2024-01-29 07:01:24,346 - autoLoginHeadless - ログイン完了
2024-01-29 07:01:52,776 - autoLoginHeadless - reCAPTCHAが検出されました
2024-01-29 07:02:04,464 - autoLoginHeadless - reCAPTCHA処理、完了
2024-01-29 07:02:08,642 - autoLoginHeadless - ログイン完了
2024-01-29 07:22:52,336 - autoLoginHeadless - reCAPTCHAが検出されました
2024-01-29 07:23:46,600 - autoLoginHeadless - reCAPTCHA処理、完了
2024-01-29 07:23:49,840 - autoLoginHeadless - ログイン完了
2024-01-29 07:23:49,841 - autoLoginHeadless - ファイル削除中にエラーが発生しました: remove: path should be string, bytes or os.PathLike, not bool
2024-01-29 07:27:36,029 - autoLoginHeadless - reCAPTCHAが検出されました
2024-01-29 07:28:21,681 - autoLoginHeadless - reCAPTCHA処理、完了
2024-01-29 07:28:24,872 - autoLoginHeadless - ログイン完了
2024-01-29 07:28:24,872 - autoLoginHeadless - ファイル削除中にエラーが発生しました: remove: path should be string, bytes or os.PathLike, not bool
2024-01-29 07:30:50,471 - autoLoginHeadless - reCAPTCHAが検出されました
2024-01-29 07:31:35,311 - autoLoginHeadless - reCAPTCHA処理、完了
2024-01-29 07:31:38,612 - autoLoginHeadless - ログイン完了
2024-01-29 07:31:43,617 - autoLoginHeadless - ファイル削除中にエラーが発生しました: remove: path should be string, bytes or os.PathLike, not bool
2024-01-29 07:32:49,267 - autoLoginHeadless - reCAPTCHA、なし
2024-01-29 07:32:55,744 - autoLoginHeadless - カートの確認が取れませんでした
2024-01-29 07:33:07,394 - autoLoginHeadless - ファイル削除中にエラーが発生しました: remove: path should be string, bytes or os.PathLike, not bool
2024-01-29 07:38:11,150 - autoLoginHeadless - reCAPTCHA、なし
2024-01-29 07:38:19,443 - autoLoginHeadless - カートの確認が取れませんでした
2024-01-29 07:52:58,868 - autoLoginHeadless - https://www.petpochitto.com/login.php
2024-01-29 07:52:58,883 - autoLoginHeadless - 入力開始
2024-01-29 07:52:59,023 - autoLoginHeadless - ID入力完了
2024-01-29 07:52:59,063 - autoLoginHeadless - パスワード入力完了
2024-01-29 07:52:59,066 - autoLoginHeadless - ページは完全に表示されてる
2024-01-29 07:52:59,071 - autoLoginHeadless - reCAPTCHA、なし
2024-01-29 07:53:06,724 - autoLoginHeadless - クリック完了
2024-01-29 07:53:06,728 - autoLoginHeadless - ログインページ読み込み完了
2024-01-29 07:53:07,214 - autoLoginHeadless - カートの確認が取れませんでした
2024-01-29 07:53:15,721 - autoLoginHeadless - 'login_after_take.jpeg'を削除
2024-01-29 09:39:58,933 - autoLoginHeadless - https://www.petpochitto.com/login.php
2024-01-29 09:39:58,946 - autoLoginHeadless - 入力開始
2024-01-29 09:39:59,078 - autoLoginHeadless - ID入力完了
2024-01-29 09:39:59,104 - autoLoginHeadless - パスワード入力完了
2024-01-29 09:39:59,106 - autoLoginHeadless - ページは完全に表示されてる
2024-01-29 09:39:59,111 - autoLoginHeadless - reCAPTCHA、なし
2024-01-29 09:40:03,361 - autoLoginHeadless - クリック完了
2024-01-29 09:40:03,364 - autoLoginHeadless - ログインページ読み込み完了
2024-01-29 09:40:03,819 - autoLoginHeadless - カートの確認が取れませんでした
2024-01-29 09:40:11,115 - autoLoginHeadless - 'login_after_take.jpeg'を削除
2024-01-29 09:46:11,484 - autoLoginHeadless - https://www.petpochitto.com/login.php
2024-01-29 09:46:11,500 - autoLoginHeadless - 入力開始
2024-01-29 09:46:11,621 - autoLoginHeadless - ID入力完了
2024-01-29 09:46:11,647 - autoLoginHeadless - パスワード入力完了
2024-01-29 09:46:11,649 - autoLoginHeadless - ページは完全に表示されてる
2024-01-29 09:46:11,654 - autoLoginHeadless - reCAPTCHA、なし
2024-01-29 09:46:15,440 - autoLoginHeadless - クリック完了
2024-01-29 09:46:15,444 - autoLoginHeadless - ログインページ読み込み完了
2024-01-29 09:46:15,891 - autoLoginHeadless - カートの確認が取れませんでした
2024-01-29 09:46:23,524 - autoLoginHeadless - 'login_after_take.jpeg'を削除
2024-01-29 09:48:03,922 - autoLoginHeadless - https://www.tajimaya-oroshi.net/login.php
2024-01-29 09:48:03,931 - autoLoginHeadless - 入力開始
2024-01-29 09:48:04,049 - autoLoginHeadless - ID入力完了
2024-01-29 09:48:04,080 - autoLoginHeadless - パスワード入力完了
2024-01-29 09:48:04,082 - autoLoginHeadless - ページは完全に表示されてる
2024-01-29 09:48:04,088 - autoLoginHeadless - reCAPTCHA処理実施中
2024-01-29 09:56:53,146 - autoLoginHeadless - https://www.petpochitto.com/login.php
2024-01-29 09:56:53,153 - autoLoginHeadless - 入力開始
2024-01-29 09:56:53,259 - autoLoginHeadless - ID入力完了
2024-01-29 09:56:53,283 - autoLoginHeadless - パスワード入力完了
2024-01-29 09:56:53,285 - autoLoginHeadless - ページは完全に表示されてる
2024-01-29 09:56:53,290 - autoLoginHeadless - reCAPTCHA、なし
2024-01-29 09:56:56,891 - autoLoginHeadless - クリック完了
2024-01-29 09:56:56,896 - autoLoginHeadless - ログインページ読み込み完了
2024-01-29 09:56:57,342 - autoLoginHeadless - カートの確認が取れませんでした
2024-01-29 09:57:04,578 - autoLoginHeadless - 'login_after_take.jpeg'を削除
2024-01-29 09:57:25,767 - autoLoginHeadless - https://www.petpochitto.com/login.php
2024-01-29 09:57:25,781 - autoLoginHeadless - 入力開始
2024-01-29 09:57:25,913 - autoLoginHeadless - ID入力完了
2024-01-29 09:57:25,939 - autoLoginHeadless - パスワード入力完了
2024-01-29 09:57:25,941 - autoLoginHeadless - ページは完全に表示されてる
2024-01-29 09:57:25,946 - autoLoginHeadless - reCAPTCHA、なし
2024-01-29 09:57:29,498 - autoLoginHeadless - クリック完了
2024-01-29 09:57:29,502 - autoLoginHeadless - ログインページ読み込み完了
2024-01-29 09:57:29,952 - autoLoginHeadless - カートの確認が取れませんでした
2024-01-29 09:57:36,937 - autoLoginHeadless - 'login_after_take.jpeg'を削除
2024-01-29 10:01:56,416 - autoLoginHeadless - https://www.petpochitto.com/login.php
2024-01-29 10:01:56,429 - autoLoginHeadless - 入力開始
2024-01-29 10:01:56,548 - autoLoginHeadless - ID入力完了
2024-01-29 10:01:56,574 - autoLoginHeadless - パスワード入力完了
2024-01-29 10:01:56,576 - autoLoginHeadless - ページは完全に表示されてる
2024-01-29 10:01:56,581 - autoLoginHeadless - reCAPTCHA、なし
2024-01-29 10:01:59,943 - autoLoginHeadless - クリック完了
2024-01-29 10:01:59,947 - autoLoginHeadless - ログインページ読み込み完了
2024-01-29 10:02:00,395 - autoLoginHeadless - ログイン完了
2024-01-29 10:02:01,400 - autoLoginHeadless - 'login_after_take.jpeg'を削除
2024-01-29 10:04:19,804 - autoLoginHeadless - https://www.petpochitto.com/login.php
2024-01-29 10:04:19,817 - autoLoginHeadless - 入力開始
2024-01-29 10:04:19,937 - autoLoginHeadless - ID入力完了
2024-01-29 10:04:19,967 - autoLoginHeadless - パスワード入力完了
2024-01-29 10:04:19,969 - autoLoginHeadless - ページは完全に表示されてる
2024-01-29 10:04:19,974 - autoLoginHeadless - reCAPTCHA、なし
2024-01-29 10:04:23,720 - autoLoginHeadless - クリック完了
2024-01-29 10:04:23,725 - autoLoginHeadless - ログインページ読み込み完了
2024-01-29 10:04:24,181 - autoLoginHeadless - ログイン完了
2024-01-29 10:04:25,187 - autoLoginHeadless - 'login_after_take.jpeg'を削除
2024-01-29 10:11:26,030 - autoLoginHeadless - https://www.petpochitto.com/login.php
2024-01-29 10:11:26,044 - autoLoginHeadless - 入力開始
2024-01-29 10:11:26,171 - autoLoginHeadless - ID入力完了
2024-01-29 10:11:26,197 - autoLoginHeadless - パスワード入力完了
2024-01-29 10:11:26,199 - autoLoginHeadless - ページは完全に表示されてる
2024-01-29 10:11:26,204 - autoLoginHeadless - reCAPTCHA、なし
2024-01-29 10:11:30,305 - autoLoginHeadless - クリック完了
2024-01-29 10:11:30,316 - autoLoginHeadless - ログインページ読み込み完了
2024-01-29 10:11:30,753 - autoLoginHeadless - ログイン完了
2024-01-29 10:11:38,463 - autoLoginHeadless - 'login_after_take.png'を削除
2024-01-29 10:12:14,514 - autoLoginHeadless - reCAPTCHA、なし
2024-01-29 10:12:18,324 - autoLoginHeadless - ログイン完了
2024-01-29 10:17:27,428 - autoLoginHeadless - reCAPTCHA、なし
2024-01-29 10:17:31,596 - autoLoginHeadless - ログイン完了
2024-01-29 10:18:48,920 - autoLoginHeadless - reCAPTCHAなし。実行中
2024-01-29 10:19:03,372 - autoLoginHeadless - ログイン完了
2024-01-29 10:21:08,876 - autoLoginHeadless - reCAPTCHAなし。実行中
2024-01-29 10:21:23,648 - autoLoginHeadless - ログイン完了
2024-01-29 10:26:03,046 - autoLoginHeadless - reCAPTCHAなし。実行中
2024-01-29 10:26:17,748 - autoLoginHeadless - ログイン完了
2024-01-30 03:33:32,926 - autoLoginHeadless - reCAPTCHAなし。実行中
2024-01-30 03:39:50,964 - autoLoginHeadless - reCAPTCHAなし。実行中
2024-01-30 03:40:01,091 - autoLoginHeadless - ログイン完了
2024-01-30 03:43:54,821 - autoLoginHeadless - reCAPTCHAなし。実行中
2024-01-30 03:44:04,894 - autoLoginHeadless - ログイン完了
2024-01-30 03:45:19,624 - autoLoginHeadless - reCAPTCHAなし。実行中
2024-01-30 03:45:29,899 - autoLoginHeadless - ログイン完了
2024-01-30 03:46:19,898 - autoLoginHeadless - reCAPTCHAなし。実行中
2024-01-30 03:46:30,215 - autoLoginHeadless - ログイン完了
2024-01-30 03:48:13,867 - autoLoginHeadless - reCAPTCHAなし
2024-01-30 03:48:24,239 - autoLoginHeadless - ログイン完了
2024-01-30 03:53:36,840 - autoLoginHeadless - reCAPTCHAなし
2024-01-30 03:53:46,401 - autoLoginHeadless - ログイン完了
2024-01-30 03:53:58,544 - autoLoginHeadless - 処理完了
2024-01-30 04:01:15,332 - autoLoginHeadless - reCAPTCHAなし
2024-01-30 04:01:29,457 - autoLoginHeadless - ログイン完了
2024-01-30 04:01:46,918 - autoLoginHeadless - 処理完了
